<?xml version="1.0" encoding="UTF-8"?>
<testng-results skipped="0" failed="0" ignored="0" total="7" passed="7">
  <reporter-output>
  </reporter-output>
  <suite name="Default suite" duration-ms="45544" started-at="2020-03-18T14:45:10 EET" finished-at="2020-03-18T14:45:55 EET">
    <groups>
    </groups>
    <test name="Default test" duration-ms="45544" started-at="2020-03-18T14:45:10 EET" finished-at="2020-03-18T14:45:55 EET">
      <class name="test.LoginPageTestWithPageFactory">
        <test-method status="PASS" signature="setup()[pri:0, instance:test.LoginPageTestWithPageFactory@48503868]" name="setup" is-config="true" duration-ms="18488" started-at="2020-03-18T14:45:10 EET" finished-at="2020-03-18T14:45:28 EET">
          <reporter-output>
          </reporter-output>
        </test-method> <!-- setup -->
        <test-method status="PASS" signature="testLoginWithInvalidData(java.lang.String, java.lang.String)[pri:0, instance:test.LoginPageTestWithPageFactory@48503868]" name="testLoginWithInvalidData" duration-ms="1451" started-at="2020-03-18T14:45:28 EET" data-provider="TestLoginInvalidData" finished-at="2020-03-18T14:45:30 EET">
          <params>
            <param index="0">
              <value>
                <![CDATA[mngr250802]]>
              </value>
            </param>
            <param index="1">
              <value>
                <![CDATA[invalid]]>
              </value>
            </param>
          </params>
          <reporter-output>
          </reporter-output>
        </test-method> <!-- testLoginWithInvalidData -->
        <test-method status="PASS" signature="testLoginWithInvalidData(java.lang.String, java.lang.String)[pri:0, instance:test.LoginPageTestWithPageFactory@48503868]" name="testLoginWithInvalidData" duration-ms="2088" started-at="2020-03-18T14:45:30 EET" data-provider="TestLoginInvalidData" finished-at="2020-03-18T14:45:32 EET">
          <params>
            <param index="0">
              <value>
                <![CDATA[invalid]]>
              </value>
            </param>
            <param index="1">
              <value>
                <![CDATA[rEqUhep]]>
              </value>
            </param>
          </params>
          <reporter-output>
          </reporter-output>
        </test-method> <!-- testLoginWithInvalidData -->
        <test-method status="PASS" signature="testLoginWithInvalidData(java.lang.String, java.lang.String)[pri:0, instance:test.LoginPageTestWithPageFactory@48503868]" name="testLoginWithInvalidData" duration-ms="6756" started-at="2020-03-18T14:45:32 EET" data-provider="TestLoginInvalidData" finished-at="2020-03-18T14:45:39 EET">
          <params>
            <param index="0">
              <value>
                <![CDATA[invalid]]>
              </value>
            </param>
            <param index="1">
              <value>
                <![CDATA[invalid]]>
              </value>
            </param>
          </params>
          <reporter-output>
          </reporter-output>
        </test-method> <!-- testLoginWithInvalidData -->
        <test-method status="PASS" signature="testLoginWithInvalidData(java.lang.String, java.lang.String)[pri:0, instance:test.LoginPageTestWithPageFactory@48503868]" name="testLoginWithInvalidData" duration-ms="2387" started-at="2020-03-18T14:45:39 EET" data-provider="TestLoginInvalidData" finished-at="2020-03-18T14:45:41 EET">
          <params>
            <param index="0">
              <value>
                <![CDATA[]]>
              </value>
            </param>
            <param index="1">
              <value>
                <![CDATA[]]>
              </value>
            </param>
          </params>
          <reporter-output>
          </reporter-output>
        </test-method> <!-- testLoginWithInvalidData -->
        <test-method status="PASS" signature="testLoginWithValidData()[pri:1, instance:test.LoginPageTestWithPageFactory@48503868]" name="testLoginWithValidData" duration-ms="12834" started-at="2020-03-18T14:45:41 EET" finished-at="2020-03-18T14:45:54 EET">
          <reporter-output>
          </reporter-output>
        </test-method> <!-- testLoginWithValidData -->
        <test-method status="PASS" signature="testIdPatternAfterLogin()[pri:2, instance:test.LoginPageTestWithPageFactory@48503868]" name="testIdPatternAfterLogin" duration-ms="945" started-at="2020-03-18T14:45:54 EET" finished-at="2020-03-18T14:45:55 EET">
          <reporter-output>
          </reporter-output>
        </test-method> <!-- testIdPatternAfterLogin -->
        <test-method status="PASS" signature="testHomePageAppearCorrect()[pri:3, instance:test.LoginPageTestWithPageFactory@48503868]" name="testHomePageAppearCorrect" duration-ms="204" started-at="2020-03-18T14:45:55 EET" finished-at="2020-03-18T14:45:55 EET">
          <reporter-output>
          </reporter-output>
        </test-method> <!-- testHomePageAppearCorrect -->
        <test-method status="PASS" signature="tearDown()[pri:0, instance:test.LoginPageTestWithPageFactory@48503868]" name="tearDown" is-config="true" duration-ms="200" started-at="2020-03-18T14:45:55 EET" finished-at="2020-03-18T14:45:55 EET">
          <reporter-output>
          </reporter-output>
        </test-method> <!-- tearDown -->
      </class> <!-- test.LoginPageTestWithPageFactory -->
    </test> <!-- Default test -->
  </suite> <!-- Default suite -->
</testng-results>
