<?xml version="1.0" encoding="UTF-8"?>
<testng-results skipped="0" failed="0" ignored="0" total="6" passed="6">
  <reporter-output>
  </reporter-output>
  <suite name="Default suite" duration-ms="66388" started-at="2020-03-17T21:08:07 EET" finished-at="2020-03-17T21:09:13 EET">
    <groups>
    </groups>
    <test name="Default test" duration-ms="66388" started-at="2020-03-17T21:08:07 EET" finished-at="2020-03-17T21:09:13 EET">
      <class name="test.LoginPageTest">
        <test-method status="PASS" signature="setup()[pri:0, instance:test.LoginPageTest@48503868]" name="setup" is-config="true" duration-ms="33662" started-at="2020-03-17T21:08:07 EET" finished-at="2020-03-17T21:08:41 EET">
          <reporter-output>
          </reporter-output>
        </test-method> <!-- setup -->
        <test-method status="PASS" signature="testLoginWithInvalidData(java.lang.String, java.lang.String)[pri:1, instance:test.LoginPageTest@48503868]" name="testLoginWithInvalidData" duration-ms="2290" started-at="2020-03-17T21:08:41 EET" data-provider="TestLoginInvalidData" finished-at="2020-03-17T21:08:43 EET">
          <params>
            <param index="0">
              <value>
                <![CDATA[mngr250802]]>
              </value>
            </param>
            <param index="1">
              <value>
                <![CDATA[invalid]]>
              </value>
            </param>
          </params>
          <reporter-output>
          </reporter-output>
        </test-method> <!-- testLoginWithInvalidData -->
        <test-method status="PASS" signature="testLoginWithInvalidData(java.lang.String, java.lang.String)[pri:1, instance:test.LoginPageTest@48503868]" name="testLoginWithInvalidData" duration-ms="2395" started-at="2020-03-17T21:08:43 EET" data-provider="TestLoginInvalidData" finished-at="2020-03-17T21:08:45 EET">
          <params>
            <param index="0">
              <value>
                <![CDATA[invalid]]>
              </value>
            </param>
            <param index="1">
              <value>
                <![CDATA[rEqUhep]]>
              </value>
            </param>
          </params>
          <reporter-output>
          </reporter-output>
        </test-method> <!-- testLoginWithInvalidData -->
        <test-method status="PASS" signature="testLoginWithInvalidData(java.lang.String, java.lang.String)[pri:1, instance:test.LoginPageTest@48503868]" name="testLoginWithInvalidData" duration-ms="3049" started-at="2020-03-17T21:08:45 EET" data-provider="TestLoginInvalidData" finished-at="2020-03-17T21:08:48 EET">
          <params>
            <param index="0">
              <value>
                <![CDATA[invalid]]>
              </value>
            </param>
            <param index="1">
              <value>
                <![CDATA[invalid]]>
              </value>
            </param>
          </params>
          <reporter-output>
          </reporter-output>
        </test-method> <!-- testLoginWithInvalidData -->
        <test-method status="PASS" signature="testLoginWithInvalidData(java.lang.String, java.lang.String)[pri:1, instance:test.LoginPageTest@48503868]" name="testLoginWithInvalidData" duration-ms="3437" started-at="2020-03-17T21:08:48 EET" data-provider="TestLoginInvalidData" finished-at="2020-03-17T21:08:52 EET">
          <params>
            <param index="0">
              <value>
                <![CDATA[]]>
              </value>
            </param>
            <param index="1">
              <value>
                <![CDATA[]]>
              </value>
            </param>
          </params>
          <reporter-output>
          </reporter-output>
        </test-method> <!-- testLoginWithInvalidData -->
        <test-method status="PASS" signature="testLoginWithValidData()[pri:2, instance:test.LoginPageTest@48503868]" name="testLoginWithValidData" duration-ms="17748" started-at="2020-03-17T21:08:52 EET" finished-at="2020-03-17T21:09:10 EET">
          <reporter-output>
          </reporter-output>
        </test-method> <!-- testLoginWithValidData -->
        <test-method status="PASS" signature="testIdPatternAfterLogin()[pri:3, instance:test.LoginPageTest@48503868]" name="testIdPatternAfterLogin" duration-ms="1323" started-at="2020-03-17T21:09:10 EET" finished-at="2020-03-17T21:09:11 EET">
          <reporter-output>
          </reporter-output>
        </test-method> <!-- testIdPatternAfterLogin -->
        <test-method status="PASS" signature="tearDown()[pri:0, instance:test.LoginPageTest@48503868]" name="tearDown" is-config="true" duration-ms="2232" started-at="2020-03-17T21:09:11 EET" finished-at="2020-03-17T21:09:13 EET">
          <reporter-output>
          </reporter-output>
        </test-method> <!-- tearDown -->
      </class> <!-- test.LoginPageTest -->
    </test> <!-- Default test -->
  </suite> <!-- Default suite -->
</testng-results>
