<?xml version="1.0" encoding="UTF-8"?>
<!-- Generated by org.testng.reporters.JUnitXMLReporter -->
<testsuite hostname="lenovo" ignored="6" name="All" tests="5" failures="0" timestamp="2020-03-11T20:55:32 EET" time="40.312" errors="0">
  <testcase name="checkHomePageItemsCount" time="0.349" classname="test.HomePageTest"/>
  <testcase name="testLoginMissingPassword" time="4.776" classname="test.LoginPageTest"/>
  <testcase name="testLoginWithIncorrectPassword" time="4.414" classname="test.LoginPageTest"/>
  <testcase name="testContactUs" time="5.868" classname="test.ContactUsTest"/>
  <testcase name="testCheckItemsInStock" time="3.23" classname="test.SearchTest"/>
  <testcase name="@BeforeTest setup" time="0.0" classname="pom.BaseClass">
    <ignored/>
  </testcase> <!-- @BeforeTest setup -->
  <testcase name="@BeforeTest setup" time="0.0" classname="pom.BaseClass">
    <ignored/>
  </testcase> <!-- @BeforeTest setup -->
  <testcase name="@BeforeTest setup" time="0.0" classname="pom.BaseClass">
    <ignored/>
  </testcase> <!-- @BeforeTest setup -->
  <testcase name="@AfterTest tearDown" time="0.0" classname="pom.BaseClass">
    <ignored/>
  </testcase> <!-- @AfterTest tearDown -->
  <testcase name="@AfterTest tearDown" time="0.0" classname="pom.BaseClass">
    <ignored/>
  </testcase> <!-- @AfterTest tearDown -->
  <testcase name="@AfterTest tearDown" time="0.0" classname="pom.BaseClass">
    <ignored/>
  </testcase> <!-- @AfterTest tearDown -->
</testsuite> <!-- All -->
