<?xml version="1.0" encoding="UTF-8"?>
<!-- Generated by org.testng.reporters.JUnitXMLReporter -->
<testsuite hostname="lenovo" ignored="0" name="Default test" tests="7" failures="0" timestamp="2020-03-18T14:45:55 EET" time="45.544" errors="0">
  <testcase name="testLoginWithInvalidData" time="1.451" classname="test.LoginPageTestWithPageFactory"/>
  <testcase name="testLoginWithInvalidData" time="2.088" classname="test.LoginPageTestWithPageFactory"/>
  <testcase name="testLoginWithInvalidData" time="6.756" classname="test.LoginPageTestWithPageFactory"/>
  <testcase name="testLoginWithInvalidData" time="2.387" classname="test.LoginPageTestWithPageFactory"/>
  <testcase name="testLoginWithValidData" time="12.834" classname="test.LoginPageTestWithPageFactory"/>
  <testcase name="testIdPatternAfterLogin" time="0.945" classname="test.LoginPageTestWithPageFactory"/>
  <testcase name="testHomePageAppearCorrect" time="0.204" classname="test.LoginPageTestWithPageFactory"/>
</testsuite> <!-- Default test -->
