<?xml version="1.0" encoding="UTF-8"?>
<!-- Generated by org.testng.reporters.JUnitXMLReporter -->
<testsuite hostname="lenovo" ignored="0" name="Default test" tests="6" failures="0" timestamp="2020-03-17T21:09:13 EET" time="66.388" errors="0">
  <testcase name="testLoginWithInvalidData" time="2.29" classname="test.LoginPageTest"/>
  <testcase name="testLoginWithInvalidData" time="2.395" classname="test.LoginPageTest"/>
  <testcase name="testLoginWithInvalidData" time="3.049" classname="test.LoginPageTest"/>
  <testcase name="testLoginWithInvalidData" time="3.437" classname="test.LoginPageTest"/>
  <testcase name="testLoginWithValidData" time="17.748" classname="test.LoginPageTest"/>
  <testcase name="testIdPatternAfterLogin" time="1.323" classname="test.LoginPageTest"/>
</testsuite> <!-- Default test -->
